[debug] [2024-08-21T09:58:56.785Z] ----------------------------------------------------------------------
[debug] [2024-08-21T09:58:56.791Z] Command:       /opt/homebrew/Cellar/node/22.6.0/bin/node /opt/homebrew/bin/firebase init
[debug] [2024-08-21T09:58:56.791Z] CLI Version:   13.15.3
[debug] [2024-08-21T09:58:56.791Z] Platform:      darwin
[debug] [2024-08-21T09:58:56.791Z] Node Version:  v22.6.0
[debug] [2024-08-21T09:58:56.792Z] Time:          Wed Aug 21 2024 15:28:56 GMT+0530 (India Standard Time)
[debug] [2024-08-21T09:58:56.792Z] ----------------------------------------------------------------------
[debug] 
[debug] [2024-08-21T09:58:56.800Z] > command requires scopes: ["email","openid","https://www.googleapis.com/auth/cloudplatformprojects.readonly","https://www.googleapis.com/auth/firebase","https://www.googleapis.com/auth/cloud-platform"]
[debug] [2024-08-21T09:58:56.801Z] > authorizing via signed-in user (findaguestonline@gmail.com)
[info] 
     ######## #### ########  ######## ########     ###     ######  ########
     ##        ##  ##     ## ##       ##     ##  ##   ##  ##       ##
     ######    ##  ########  ######   ########  #########  ######  ######
     ##        ##  ##    ##  ##       ##     ## ##     ##       ## ##
     ##       #### ##     ## ######## ########  ##     ##  ######  ########

You're about to initialize a Firebase project in this directory:

  /Users/dinethgunawardana/Desktop/findaguest

[info] 
=== Project Setup
[info] 
[info] First, let's associate this project directory with a Firebase project.
[info] You can create multiple project aliases by running firebase use --add, 
[info] but for now we'll just set up a default project.
[info] 
[debug] [2024-08-21T10:00:12.874Z] >>> [apiv2][query] GET https://firebase.googleapis.com/v1beta1/projects pageSize=100
[debug] [2024-08-21T10:00:13.689Z] <<< [apiv2][status] GET https://firebase.googleapis.com/v1beta1/projects 200
[debug] [2024-08-21T10:00:13.690Z] <<< [apiv2][body] GET https://firebase.googleapis.com/v1beta1/projects [omitted]
[info] i  Using project findaguest-3024b (findaguest) 
[info] 
=== Hosting Setup
[debug] [2024-08-21T10:00:15.605Z] >>> [apiv2][query] GET https://firebase.googleapis.com/v1beta1/projects/findaguest-3024b [none]
[debug] [2024-08-21T10:00:16.717Z] <<< [apiv2][status] GET https://firebase.googleapis.com/v1beta1/projects/findaguest-3024b 200
[debug] [2024-08-21T10:00:16.717Z] <<< [apiv2][body] GET https://firebase.googleapis.com/v1beta1/projects/findaguest-3024b {"projectId":"findaguest-3024b","projectNumber":"292838904473","displayName":"findaguest","name":"projects/findaguest-3024b","resources":{"hostingSite":"findaguest-3024b","realtimeDatabaseInstance":"findaguest-3024b-default-rtdb","storageBucket":"findaguest-3024b.appspot.com","locationId":"asia-south1"},"state":"ACTIVE","etag":"1_62c06498-a93d-4ffc-9c46-fd826a2a1f0d"}
[info] 
[info] Your public directory is the folder (relative to your project directory) that
[info] will contain Hosting assets to be uploaded with firebase deploy. If you
[info] have a build process for your assets, use your build's output directory.
[info] 
[info] i  Skipping write of public/404.html 
[debug] [2024-08-21T10:01:16.935Z] >>> [apiv2][query] GET https://www.gstatic.com/firebasejs/releases.json [none]
[debug] [2024-08-21T10:01:17.112Z] <<< [apiv2][status] GET https://www.gstatic.com/firebasejs/releases.json 200
[debug] [2024-08-21T10:01:17.112Z] <<< [apiv2][body] GET https://www.gstatic.com/firebasejs/releases.json {"current":{"version":"10.13.0","browserURL":"https://www.gstatic.com/firebasejs/10.13.0/firebase.js","packageURL":"https://www.gstatic.com/firebasejs/10.13.0/firebase.tgz"},"live":{"version":"10.13","browserURL":"https://www.gstatic.com/firebasejs/live/10.13/firebase.js","packageURL":"https://www.gstatic.com/firebasejs/live/10.13/firebase.tgz"},"components":{"analytics":"https://www.gstatic.com/firebasejs/10.13.0/firebase-analytics.js","app":"https://www.gstatic.com/firebasejs/10.13.0/firebase-app.js","app-check":"https://www.gstatic.com/firebasejs/10.13.0/firebase-app-check.js","auth":"https://www.gstatic.com/firebasejs/10.13.0/firebase-auth.js","auth/cordova":"https://www.gstatic.com/firebasejs/10.13.0/firebase-auth/cordova.js","auth/web-extension":"https://www.gstatic.com/firebasejs/10.13.0/firebase-auth/web-extension.js","functions":"https://www.gstatic.com/firebasejs/10.13.0/firebase-functions.js","firestore":"https://www.gstatic.com/firebasejs/10.13.0/firebase-firestore.js","firestore/lite":"https://www.gstatic.com/firebasejs/10.13.0/firebase-firestore/lite.js","installations":"https://www.gstatic.com/firebasejs/10.13.0/firebase-installations.js","storage":"https://www.gstatic.com/firebasejs/10.13.0/firebase-storage.js","performance":"https://www.gstatic.com/firebasejs/10.13.0/firebase-performance.js","remote-config":"https://www.gstatic.com/firebasejs/10.13.0/firebase-remote-config.js","messaging":"https://www.gstatic.com/firebasejs/10.13.0/firebase-messaging.js","messaging/sw":"https://www.gstatic.com/firebasejs/10.13.0/firebase-messaging/sw.js","database":"https://www.gstatic.com/firebasejs/10.13.0/firebase-database.js","vertexai-preview":"https://www.gstatic.com/firebasejs/10.13.0/firebase-vertexai-preview.js","firestore.memory":"https://www.gstatic.com/firebasejs/10.13.0/firebase-firestore.memory.js"}}
[info] i  Skipping write of public/index.html 
[info] 
[info] i  Writing configuration info to firebase.json... 
[info] i  Writing project information to .firebaserc... 
[info] i  Writing gitignore file to .gitignore... 
[info] 
[info] ✔  Firebase initialization complete! 
